Start testing: Apr 25 16:57 CST
----------------------------------------------------------
1/1 Testing: main
1/1 Test: main
Command: "/Users/yangjunpeng/network-programing/cmake-build-debug/main"
Directory: /Users/yangjunpeng/network-programing/cmake-build-debug
"main" start time: Apr 25 16:57 CST
Output:
----------------------------------------------------------
He
<end of output>
Test time =   0.00 sec
----------------------------------------------------------
Test Passed.
"main" end time: Apr 25 16:57 CST
"main" time elapsed: 00:00:00
----------------------------------------------------------

End testing: Apr 25 16:57 CST
